build/app/intermediates/manifest_merge_blame_file/debug/manifest-merger-blame-debug-report.txt
1<?xml version="1.0" encoding="utf-8"?>
2<manifest xmlns:android="http://schemas.android.com/apk/res/android"
3    package="com.codingwithflutter.time_tracker_flutter_course"
4    android:versionCode="1"
5    android:versionName="1.0.0" >
6
7    <uses-sdk
8        android:minSdkVersion="21"
9        android:targetSdkVersion="29" />
10    <!--
11         Flutter needs it to communicate with the running application
12         to allow setting breakpoints, to provide hot reload, etc.
13    -->
14    <uses-permission android:name="android.permission.INTERNET" />
14-->src\main\AndroidManifest.xml:8:5-66
14-->src\main\AndroidManifest.xml:8:22-64
15    <uses-permission android:name="android.permission.ACCESS_NETWORK_STATE" />
15-->[com.google.firebase:firebase-auth:21.0.1] AndroidManifest.xml:24:5-79
15-->[com.google.firebase:firebase-auth:21.0.1] AndroidManifest.xml:24:22-76
16    <uses-permission android:name="android.permission.WAKE_LOCK" />
16-->[com.google.android.gms:play-services-measurement-api:19.0.0] AndroidManifest.xml:24:5-68
16-->[com.google.android.gms:play-services-measurement-api:19.0.0] AndroidManifest.xml:24:22-65
17    <uses-permission android:name="com.google.android.finsky.permission.BIND_GET_INSTALL_REFERRER_SERVICE" />
17-->[com.google.android.gms:play-services-measurement:19.0.0] AndroidManifest.xml:26:5-110
17-->[com.google.android.gms:play-services-measurement:19.0.0] AndroidManifest.xml:26:22-107
18
19    <application
19-->src\main\AndroidManifest.xml:9:5-64:19
20        android:name="io.flutter.app.FlutterApplication"
20-->src\main\AndroidManifest.xml:10:9-57
21        android:appComponentFactory="androidx.core.app.CoreComponentFactory"
21-->[androidx.core:core:1.1.0] AndroidManifest.xml:24:18-86
22        android:debuggable="true"
23        android:icon="@mipmap/ic_launcher"
23-->src\main\AndroidManifest.xml:12:9-43
24        android:label="time_tracker_flutter_course"
24-->src\main\AndroidManifest.xml:11:9-52
25        android:supportsRtl="true" >
25-->[com.facebook.android:facebook-login:9.0.0] AndroidManifest.xml:28:18-44
26        <activity
26-->src\main\AndroidManifest.xml:13:9-41:20
27            android:name="com.codingwithflutter.time_tracker_flutter_course.MainActivity"
27-->src\main\AndroidManifest.xml:14:13-41
28            android:configChanges="orientation|keyboardHidden|keyboard|screenSize|smallestScreenSize|locale|layoutDirection|fontScale|screenLayout|density|uiMode"
28-->src\main\AndroidManifest.xml:17:13-163
29            android:hardwareAccelerated="true"
29-->src\main\AndroidManifest.xml:18:13-47
30            android:launchMode="singleTop"
30-->src\main\AndroidManifest.xml:15:13-43
31            android:theme="@style/LaunchTheme"
31-->src\main\AndroidManifest.xml:16:13-47
32            android:windowSoftInputMode="adjustResize" >
32-->src\main\AndroidManifest.xml:19:13-55
33
34            <!--
35                 Specifies an Android theme to apply to this Activity as soon as
36                 the Android process has started. This theme is visible to the user
37                 while the Flutter UI initializes. After that, this theme continues
38                 to determine the Window background behind the Flutter UI.
39            -->
40            <meta-data
40-->src\main\AndroidManifest.xml:24:13-27:17
41                android:name="io.flutter.embedding.android.NormalTheme"
41-->src\main\AndroidManifest.xml:25:15-70
42                android:resource="@style/NormalTheme" />
42-->src\main\AndroidManifest.xml:26:15-52
43            <!--
44                 Displays an Android View that continues showing the launch screen
45                 Drawable until Flutter paints its first frame, then this splash
46                 screen fades out. A splash screen is useful to avoid any visual
47                 gap between the end of Android's launch screen and the painting of
48                 Flutter's first frame.
49            -->
50            <meta-data
50-->src\main\AndroidManifest.xml:33:13-36:17
51                android:name="io.flutter.embedding.android.SplashScreenDrawable"
51-->src\main\AndroidManifest.xml:34:15-79
52                android:resource="@drawable/launch_background" />
52-->src\main\AndroidManifest.xml:35:15-61
53
54            <intent-filter>
54-->src\main\AndroidManifest.xml:37:13-40:29
55                <action android:name="android.intent.action.MAIN" />
55-->src\main\AndroidManifest.xml:38:17-68
55-->src\main\AndroidManifest.xml:38:25-66
56
57                <category android:name="android.intent.category.LAUNCHER" />
57-->src\main\AndroidManifest.xml:39:17-76
57-->src\main\AndroidManifest.xml:39:27-74
58            </intent-filter>
59        </activity>
60
61        <meta-data
61-->src\main\AndroidManifest.xml:42:9-43:54
62            android:name="com.facebook.sdk.ApplicationId"
62-->src\main\AndroidManifest.xml:42:20-65
63            android:value="@string/facebook_app_id" />
63-->src\main\AndroidManifest.xml:43:13-52
64
65        <activity
65-->src\main\AndroidManifest.xml:45:9-48:48
66            android:name="com.facebook.FacebookActivity"
66-->src\main\AndroidManifest.xml:45:19-63
67            android:configChanges="keyboard|keyboardHidden|screenLayout|screenSize|orientation"
67-->src\main\AndroidManifest.xml:46:13-114
68            android:label="@string/app_name"
68-->src\main\AndroidManifest.xml:48:13-45
69            android:theme="@style/com_facebook_activity_theme" />
69-->[com.facebook.android:facebook-common:9.0.0] AndroidManifest.xml:33:13-63
70        <activity
70-->src\main\AndroidManifest.xml:49:9-58:20
71            android:name="com.facebook.CustomTabActivity"
71-->src\main\AndroidManifest.xml:50:13-58
72            android:exported="true" >
72-->src\main\AndroidManifest.xml:51:13-36
73            <intent-filter>
73-->src\main\AndroidManifest.xml:52:13-57:29
74                <action android:name="android.intent.action.VIEW" />
74-->src\main\AndroidManifest.xml:53:17-69
74-->src\main\AndroidManifest.xml:53:25-66
75
76                <category android:name="android.intent.category.DEFAULT" />
76-->src\main\AndroidManifest.xml:54:17-76
76-->src\main\AndroidManifest.xml:54:27-73
77                <category android:name="android.intent.category.BROWSABLE" />
77-->src\main\AndroidManifest.xml:55:17-78
77-->src\main\AndroidManifest.xml:55:27-75
78
79                <data android:scheme="@string/fb_login_protocol_scheme" />
79-->src\main\AndroidManifest.xml:56:17-75
79-->src\main\AndroidManifest.xml:56:23-72
80            </intent-filter>
81            <intent-filter>
81-->[com.facebook.android:facebook-common:9.0.0] AndroidManifest.xml:39:13-48:29
82                <action android:name="android.intent.action.VIEW" />
82-->src\main\AndroidManifest.xml:53:17-69
82-->src\main\AndroidManifest.xml:53:25-66
83
84                <category android:name="android.intent.category.DEFAULT" />
84-->src\main\AndroidManifest.xml:54:17-76
84-->src\main\AndroidManifest.xml:54:27-73
85                <category android:name="android.intent.category.BROWSABLE" />
85-->src\main\AndroidManifest.xml:55:17-78
85-->src\main\AndroidManifest.xml:55:27-75
86
87                <data
87-->src\main\AndroidManifest.xml:56:17-75
88                    android:host="cct.com.codingwithflutter.time_tracker_flutter_course"
89                    android:scheme="fbconnect" />
89-->src\main\AndroidManifest.xml:56:23-72
90            </intent-filter>
91        </activity>
92        <!--
93             Don't delete the meta-data below.
94             This is used by the Flutter tool to generate GeneratedPluginRegistrant.java
95        -->
96        <meta-data
96-->src\main\AndroidManifest.xml:61:9-63:33
97            android:name="flutterEmbedding"
97-->src\main\AndroidManifest.xml:62:13-44
98            android:value="2" />
98-->src\main\AndroidManifest.xml:63:13-30
99
100        <service
100-->[:firebase_auth] AndroidManifest.xml:8:9-12:19
101            android:name="com.google.firebase.components.ComponentDiscoveryService"
101-->[:firebase_auth] AndroidManifest.xml:8:18-89
102            android:directBootAware="true"
102-->[com.google.firebase:firebase-common:20.0.0] AndroidManifest.xml:35:13-43
103            android:exported="false" >
103-->[com.google.firebase:firebase-auth:21.0.1] AndroidManifest.xml:76:13-37
104            <meta-data
104-->[:firebase_auth] AndroidManifest.xml:9:13-11:85
105                android:name="com.google.firebase.components:io.flutter.plugins.firebase.auth.FlutterFirebaseAuthRegistrar"
105-->[:firebase_auth] AndroidManifest.xml:10:17-124
106                android:value="com.google.firebase.components.ComponentRegistrar" />
106-->[:firebase_auth] AndroidManifest.xml:11:17-82
107            <meta-data
107-->[:cloud_firestore] AndroidManifest.xml:9:13-11:85
108                android:name="com.google.firebase.components:io.flutter.plugins.firebase.firestore.FlutterFirebaseFirestoreRegistrar"
108-->[:cloud_firestore] AndroidManifest.xml:10:17-134
109                android:value="com.google.firebase.components.ComponentRegistrar" />
109-->[:cloud_firestore] AndroidManifest.xml:11:17-82
110            <meta-data
110-->[:firebase_core] AndroidManifest.xml:9:13-11:85
111                android:name="com.google.firebase.components:io.flutter.plugins.firebase.core.FlutterFirebaseCoreRegistrar"
111-->[:firebase_core] AndroidManifest.xml:10:17-124
112                android:value="com.google.firebase.components.ComponentRegistrar" />
112-->[:firebase_core] AndroidManifest.xml:11:17-82
113            <meta-data
113-->[com.google.firebase:firebase-auth:21.0.1] AndroidManifest.xml:77:13-79:85
114                android:name="com.google.firebase.components:com.google.firebase.auth.FirebaseAuthRegistrar"
114-->[com.google.firebase:firebase-auth:21.0.1] AndroidManifest.xml:78:17-109
115                android:value="com.google.firebase.components.ComponentRegistrar" />
115-->[com.google.firebase:firebase-auth:21.0.1] AndroidManifest.xml:79:17-82
116            <meta-data
116-->[com.google.firebase:firebase-firestore:23.0.1] AndroidManifest.xml:20:13-22:85
117                android:name="com.google.firebase.components:com.google.firebase.firestore.FirestoreRegistrar"
117-->[com.google.firebase:firebase-firestore:23.0.1] AndroidManifest.xml:21:17-111
118                android:value="com.google.firebase.components.ComponentRegistrar" />
118-->[com.google.firebase:firebase-firestore:23.0.1] AndroidManifest.xml:22:17-82
119            <meta-data
119-->[com.google.android.gms:play-services-measurement-api:19.0.0] AndroidManifest.xml:30:13-32:85
120                android:name="com.google.firebase.components:com.google.firebase.analytics.connector.internal.AnalyticsConnectorRegistrar"
120-->[com.google.android.gms:play-services-measurement-api:19.0.0] AndroidManifest.xml:31:17-139
121                android:value="com.google.firebase.components.ComponentRegistrar" />
121-->[com.google.android.gms:play-services-measurement-api:19.0.0] AndroidManifest.xml:32:17-82
122            <meta-data
122-->[com.google.firebase:firebase-installations:17.0.0] AndroidManifest.xml:18:13-20:85
123                android:name="com.google.firebase.components:com.google.firebase.installations.FirebaseInstallationsRegistrar"
123-->[com.google.firebase:firebase-installations:17.0.0] AndroidManifest.xml:19:17-127
124                android:value="com.google.firebase.components.ComponentRegistrar" />
124-->[com.google.firebase:firebase-installations:17.0.0] AndroidManifest.xml:20:17-82
125        </service>
126
127        <activity
127-->[com.google.firebase:firebase-auth:21.0.1] AndroidManifest.xml:27:9-44:20
128            android:name="com.google.firebase.auth.internal.GenericIdpActivity"
128-->[com.google.firebase:firebase-auth:21.0.1] AndroidManifest.xml:28:13-80
129            android:excludeFromRecents="true"
129-->[com.google.firebase:firebase-auth:21.0.1] AndroidManifest.xml:29:13-46
130            android:exported="true"
130-->[com.google.firebase:firebase-auth:21.0.1] AndroidManifest.xml:30:13-36
131            android:launchMode="singleTask"
131-->[com.google.firebase:firebase-auth:21.0.1] AndroidManifest.xml:31:13-44
132            android:theme="@android:style/Theme.Translucent.NoTitleBar" >
132-->[com.google.firebase:firebase-auth:21.0.1] AndroidManifest.xml:32:13-72
133            <intent-filter>
133-->[com.google.firebase:firebase-auth:21.0.1] AndroidManifest.xml:33:13-43:29
134                <action android:name="android.intent.action.VIEW" />
134-->src\main\AndroidManifest.xml:53:17-69
134-->src\main\AndroidManifest.xml:53:25-66
135
136                <category android:name="android.intent.category.DEFAULT" />
136-->src\main\AndroidManifest.xml:54:17-76
136-->src\main\AndroidManifest.xml:54:27-73
137                <category android:name="android.intent.category.BROWSABLE" />
137-->src\main\AndroidManifest.xml:55:17-78
137-->src\main\AndroidManifest.xml:55:27-75
138
139                <data
139-->src\main\AndroidManifest.xml:56:17-75
140                    android:host="firebase.auth"
141                    android:path="/"
142                    android:scheme="genericidp" />
142-->src\main\AndroidManifest.xml:56:23-72
143            </intent-filter>
144        </activity>
145        <activity
145-->[com.google.firebase:firebase-auth:21.0.1] AndroidManifest.xml:45:9-62:20
146            android:name="com.google.firebase.auth.internal.RecaptchaActivity"
146-->[com.google.firebase:firebase-auth:21.0.1] AndroidManifest.xml:46:13-79
147            android:excludeFromRecents="true"
147-->[com.google.firebase:firebase-auth:21.0.1] AndroidManifest.xml:47:13-46
148            android:exported="true"
148-->[com.google.firebase:firebase-auth:21.0.1] AndroidManifest.xml:48:13-36
149            android:launchMode="singleTask"
149-->[com.google.firebase:firebase-auth:21.0.1] AndroidManifest.xml:49:13-44
150            android:theme="@android:style/Theme.Translucent.NoTitleBar" >
150-->[com.google.firebase:firebase-auth:21.0.1] AndroidManifest.xml:50:13-72
151            <intent-filter>
151-->[com.google.firebase:firebase-auth:21.0.1] AndroidManifest.xml:51:13-61:29
152                <action android:name="android.intent.action.VIEW" />
152-->src\main\AndroidManifest.xml:53:17-69
152-->src\main\AndroidManifest.xml:53:25-66
153
154                <category android:name="android.intent.category.DEFAULT" />
154-->src\main\AndroidManifest.xml:54:17-76
154-->src\main\AndroidManifest.xml:54:27-73
155                <category android:name="android.intent.category.BROWSABLE" />
155-->src\main\AndroidManifest.xml:55:17-78
155-->src\main\AndroidManifest.xml:55:27-75
156
157                <data
157-->src\main\AndroidManifest.xml:56:17-75
158                    android:host="firebase.auth"
159                    android:path="/"
160                    android:scheme="recaptcha" />
160-->src\main\AndroidManifest.xml:56:23-72
161            </intent-filter>
162        </activity>
163
164        <service
164-->[com.google.firebase:firebase-auth:21.0.1] AndroidManifest.xml:64:9-73:19
165            android:name="com.google.firebase.auth.api.fallback.service.FirebaseAuthFallbackService"
165-->[com.google.firebase:firebase-auth:21.0.1] AndroidManifest.xml:65:13-101
166            android:enabled="true"
166-->[com.google.firebase:firebase-auth:21.0.1] AndroidManifest.xml:66:13-35
167            android:exported="false" >
167-->[com.google.firebase:firebase-auth:21.0.1] AndroidManifest.xml:67:13-37
168            <intent-filter>
168-->[com.google.firebase:firebase-auth:21.0.1] AndroidManifest.xml:68:13-72:29
169                <action android:name="com.google.firebase.auth.api.gms.service.START" />
169-->[com.google.firebase:firebase-auth:21.0.1] AndroidManifest.xml:69:17-89
169-->[com.google.firebase:firebase-auth:21.0.1] AndroidManifest.xml:69:25-86
170
171                <category android:name="android.intent.category.DEFAULT" />
171-->src\main\AndroidManifest.xml:54:17-76
171-->src\main\AndroidManifest.xml:54:27-73
172            </intent-filter>
173        </service>
174
175        <activity android:name="com.facebook.CustomTabMainActivity" />
175-->[com.facebook.android:facebook-common:9.0.0] AndroidManifest.xml:34:9-71
175-->[com.facebook.android:facebook-common:9.0.0] AndroidManifest.xml:34:19-68
176        <activity
176-->[com.google.android.gms:play-services-auth:16.0.1] AndroidManifest.xml:23:9-27:75
177            android:name="com.google.android.gms.auth.api.signin.internal.SignInHubActivity"
177-->[com.google.android.gms:play-services-auth:16.0.1] AndroidManifest.xml:24:13-93
178            android:excludeFromRecents="true"
178-->[com.google.android.gms:play-services-auth:16.0.1] AndroidManifest.xml:25:13-46
179            android:exported="false"
179-->[com.google.android.gms:play-services-auth:16.0.1] AndroidManifest.xml:26:13-37
180            android:theme="@android:style/Theme.Translucent.NoTitleBar" />
180-->[com.google.android.gms:play-services-auth:16.0.1] AndroidManifest.xml:27:13-72
181        <!--
182            Service handling Google Sign-In user revocation. For apps that do not integrate with
183            Google Sign-In, this service will never be started.
184        -->
185        <service
185-->[com.google.android.gms:play-services-auth:16.0.1] AndroidManifest.xml:33:9-36:110
186            android:name="com.google.android.gms.auth.api.signin.RevocationBoundService"
186-->[com.google.android.gms:play-services-auth:16.0.1] AndroidManifest.xml:34:13-89
187            android:exported="true"
187-->[com.google.android.gms:play-services-auth:16.0.1] AndroidManifest.xml:35:13-36
188            android:permission="com.google.android.gms.auth.api.signin.permission.REVOCATION_NOTIFICATION" />
188-->[com.google.android.gms:play-services-auth:16.0.1] AndroidManifest.xml:36:13-107
189
190        <activity
190-->[com.google.android.gms:play-services-base:17.1.0] AndroidManifest.xml:23:9-26:75
191            android:name="com.google.android.gms.common.api.GoogleApiActivity"
191-->[com.google.android.gms:play-services-base:17.1.0] AndroidManifest.xml:24:13-79
192            android:exported="false"
192-->[com.google.android.gms:play-services-base:17.1.0] AndroidManifest.xml:25:13-37
193            android:theme="@android:style/Theme.Translucent.NoTitleBar" />
193-->[com.google.android.gms:play-services-base:17.1.0] AndroidManifest.xml:26:13-72
194
195        <provider
195-->[com.google.firebase:firebase-common:20.0.0] AndroidManifest.xml:26:9-31:39
196            android:name="com.google.firebase.provider.FirebaseInitProvider"
196-->[com.google.firebase:firebase-common:20.0.0] AndroidManifest.xml:27:13-77
197            android:authorities="com.codingwithflutter.time_tracker_flutter_course.firebaseinitprovider"
197-->[com.google.firebase:firebase-common:20.0.0] AndroidManifest.xml:28:13-72
198            android:directBootAware="true"
198-->[com.google.firebase:firebase-common:20.0.0] AndroidManifest.xml:29:13-43
199            android:exported="false"
199-->[com.google.firebase:firebase-common:20.0.0] AndroidManifest.xml:30:13-37
200            android:initOrder="100" />
200-->[com.google.firebase:firebase-common:20.0.0] AndroidManifest.xml:31:13-36
201
202        <receiver
202-->[com.google.android.gms:play-services-measurement:19.0.0] AndroidManifest.xml:29:9-33:20
203            android:name="com.google.android.gms.measurement.AppMeasurementReceiver"
203-->[com.google.android.gms:play-services-measurement:19.0.0] AndroidManifest.xml:30:13-85
204            android:enabled="true"
204-->[com.google.android.gms:play-services-measurement:19.0.0] AndroidManifest.xml:31:13-35
205            android:exported="false" >
205-->[com.google.android.gms:play-services-measurement:19.0.0] AndroidManifest.xml:32:13-37
206        </receiver>
207
208        <service
208-->[com.google.android.gms:play-services-measurement:19.0.0] AndroidManifest.xml:35:9-38:40
209            android:name="com.google.android.gms.measurement.AppMeasurementService"
209-->[com.google.android.gms:play-services-measurement:19.0.0] AndroidManifest.xml:36:13-84
210            android:enabled="true"
210-->[com.google.android.gms:play-services-measurement:19.0.0] AndroidManifest.xml:37:13-35
211            android:exported="false" />
211-->[com.google.android.gms:play-services-measurement:19.0.0] AndroidManifest.xml:38:13-37
212        <service
212-->[com.google.android.gms:play-services-measurement:19.0.0] AndroidManifest.xml:39:9-43:72
213            android:name="com.google.android.gms.measurement.AppMeasurementJobService"
213-->[com.google.android.gms:play-services-measurement:19.0.0] AndroidManifest.xml:40:13-87
214            android:enabled="true"
214-->[com.google.android.gms:play-services-measurement:19.0.0] AndroidManifest.xml:41:13-35
215            android:exported="false"
215-->[com.google.android.gms:play-services-measurement:19.0.0] AndroidManifest.xml:42:13-37
216            android:permission="android.permission.BIND_JOB_SERVICE" />
216-->[com.google.android.gms:play-services-measurement:19.0.0] AndroidManifest.xml:43:13-69
217
218        <meta-data
218-->[com.google.android.gms:play-services-basement:17.1.0] AndroidManifest.xml:23:9-25:69
219            android:name="com.google.android.gms.version"
219-->[com.google.android.gms:play-services-basement:17.1.0] AndroidManifest.xml:24:13-58
220            android:value="@integer/google_play_services_version" />
220-->[com.google.android.gms:play-services-basement:17.1.0] AndroidManifest.xml:25:13-66
221        <!--
222         The initialization ContentProvider will call FacebookSdk.sdkInitialize automatically
223         with the application context. This config is merged in with the host app's manifest,
224         but there can only be one provider with the same authority activated at any given
225         point; so if the end user has two or more different apps that use Facebook SDK, only the
226         first one will be able to use the provider. To work around this problem, we use the
227         following placeholder in the authority to identify each host application as if it was
228         a completely different provider.
229        -->
230        <provider
230-->[com.facebook.android:facebook-core:9.0.0] AndroidManifest.xml:39:9-42:40
231            android:name="com.facebook.internal.FacebookInitProvider"
231-->[com.facebook.android:facebook-core:9.0.0] AndroidManifest.xml:40:13-70
232            android:authorities="com.codingwithflutter.time_tracker_flutter_course.FacebookInitProvider"
232-->[com.facebook.android:facebook-core:9.0.0] AndroidManifest.xml:41:13-72
233            android:exported="false" />
233-->[com.facebook.android:facebook-core:9.0.0] AndroidManifest.xml:42:13-37
234
235        <receiver
235-->[com.facebook.android:facebook-core:9.0.0] AndroidManifest.xml:44:9-50:20
236            android:name="com.facebook.CurrentAccessTokenExpirationBroadcastReceiver"
236-->[com.facebook.android:facebook-core:9.0.0] AndroidManifest.xml:45:13-86
237            android:exported="false" >
237-->[com.facebook.android:facebook-core:9.0.0] AndroidManifest.xml:46:13-37
238            <intent-filter>
238-->[com.facebook.android:facebook-core:9.0.0] AndroidManifest.xml:47:13-49:29
239                <action android:name="com.facebook.sdk.ACTION_CURRENT_ACCESS_TOKEN_CHANGED" />
239-->[com.facebook.android:facebook-core:9.0.0] AndroidManifest.xml:48:17-95
239-->[com.facebook.android:facebook-core:9.0.0] AndroidManifest.xml:48:25-92
240            </intent-filter>
241        </receiver>
242    </application>
243
244</manifest>